<?xml version="1.0" encoding="UTF-8"?>
<testng-results ignored="0" total="1" passed="1" failed="0" skipped="0">
  <reporter-output>
  </reporter-output>
  <suite started-at="2023-02-09T11:42:16 IST" name="Default suite" finished-at="2023-02-09T11:42:18 IST" duration-ms="1941">
    <groups>
    </groups>
    <test started-at="2023-02-09T11:42:16 IST" name="Default test" finished-at="2023-02-09T11:42:18 IST" duration-ms="1941">
      <class name="QAs.ResponseTimeValidation">
        <test-method signature="responseTime()[pri:0, instance:QAs.ResponseTimeValidation@506ae4d4]" started-at="2023-02-09T11:42:16 IST" name="responseTime" finished-at="2023-02-09T11:42:18 IST" duration-ms="1888" status="PASS">
          <reporter-output>
          </reporter-output>
        </test-method> <!-- responseTime -->
      </class> <!-- QAs.ResponseTimeValidation -->
    </test> <!-- Default test -->
  </suite> <!-- Default suite -->
</testng-results>
